This file contains any messages produced by compilers while
running configure, to aid debugging if configure makes a mistake.

It was created by Xen Hypervisor Tools configure 4.6, which was
generated by GNU Autoconf 2.69.  Invocation command line was

  $ ./configure --disable-option-checking --prefix=/usr/local --disable-blktap1 --disable-qemu-traditional --with-extra-qemuu-configure-args=--disable-werror --disable-rombios --with-system-seabios=/usr/share/seabios/bios-256k.bin --with-extra-qemu-configure-args=--enable-spice --enable-usb-redir --cache-file=/dev/null --srcdir=.

## --------- ##
## Platform. ##
## --------- ##

hostname = islab-ThinkPad-E550
uname -m = x86_64
uname -r = 4.4.0-65-generic
uname -s = Linux
uname -v = #86-Ubuntu SMP Thu Feb 23 17:49:58 UTC 2017

/usr/bin/uname -p = unknown
/bin/uname -X     = unknown

/bin/arch              = unknown
/usr/bin/arch -k       = unknown
/usr/convex/getsysinfo = unknown
/usr/bin/hostinfo      = unknown
/bin/machine           = unknown
/usr/bin/oslevel       = unknown
/bin/universe          = unknown

PATH: /usr/local/sbin
PATH: /usr/local/bin
PATH: /usr/sbin
PATH: /usr/bin
PATH: /sbin
PATH: /bin
PATH: /snap/bin


## ----------- ##
## Core tests. ##
## ----------- ##

configure:2456: checking build system type
configure:2470: result: x86_64-unknown-linux-gnu
configure:2490: checking host system type
configure:2503: result: x86_64-unknown-linux-gnu
configure:2578: checking for gcc
configure:2594: found /usr/bin/gcc
configure:2605: result: gcc
configure:2834: checking for C compiler version
configure:2843: gcc --version >&5
gcc (Ubuntu 5.4.0-6ubuntu1~16.04.4) 5.4.0 20160609
Copyright (C) 2015 Free Software Foundation, Inc.
This is free software; see the source for copying conditions.  There is NO
warranty; not even for MERCHANTABILITY or FITNESS FOR A PARTICULAR PURPOSE.

configure:2854: $? = 0
configure:2843: gcc -v >&5
Using built-in specs.
COLLECT_GCC=gcc
COLLECT_LTO_WRAPPER=/usr/lib/gcc/x86_64-linux-gnu/5/lto-wrapper
Target: x86_64-linux-gnu
Configured with: ../src/configure -v --with-pkgversion='Ubuntu 5.4.0-6ubuntu1~16.04.4' --with-bugurl=file:///usr/share/doc/gcc-5/README.Bugs --enable-languages=c,ada,c++,java,go,d,fortran,objc,obj-c++ --prefix=/usr --program-suffix=-5 --enable-shared --enable-linker-build-id --libexecdir=/usr/lib --without-included-gettext --enable-threads=posix --libdir=/usr/lib --enable-nls --with-sysroot=/ --enable-clocale=gnu --enable-libstdcxx-debug --enable-libstdcxx-time=yes --with-default-libstdcxx-abi=new --enable-gnu-unique-object --disable-vtable-verify --enable-libmpx --enable-plugin --with-system-zlib --disable-browser-plugin --enable-java-awt=gtk --enable-gtk-cairo --with-java-home=/usr/lib/jvm/java-1.5.0-gcj-5-amd64/jre --enable-java-home --with-jvm-root-dir=/usr/lib/jvm/java-1.5.0-gcj-5-amd64 --with-jvm-jar-dir=/usr/lib/jvm-exports/java-1.5.0-gcj-5-amd64 --with-arch-directory=amd64 --with-ecj-jar=/usr/share/java/eclipse-ecj.jar --enable-objc-gc --enable-multiarch --disable-werror --with-arch-32=i686 --with-abi=m64 --with-multilib-list=m32,m64,mx32 --enable-multilib --with-tune=generic --enable-checking=release --build=x86_64-linux-gnu --host=x86_64-linux-gnu --target=x86_64-linux-gnu
Thread model: posix
gcc version 5.4.0 20160609 (Ubuntu 5.4.0-6ubuntu1~16.04.4) 
configure:2854: $? = 0
configure:2843: gcc -V >&5
gcc: error: unrecognized command line option '-V'
gcc: fatal error: no input files
compilation terminated.
configure:2854: $? = 1
configure:2843: gcc -qversion >&5
gcc: error: unrecognized command line option '-qversion'
gcc: fatal error: no input files
compilation terminated.
configure:2854: $? = 1
configure:2874: checking whether the C compiler works
configure:2896: gcc    conftest.c  >&5
configure:2900: $? = 0
configure:2948: result: yes
configure:2951: checking for C compiler default output file name
configure:2953: result: a.out
configure:2959: checking for suffix of executables
configure:2966: gcc -o conftest    conftest.c  >&5
configure:2970: $? = 0
configure:2992: result: 
configure:3014: checking whether we are cross compiling
configure:3022: gcc -o conftest    conftest.c  >&5
configure:3026: $? = 0
configure:3033: ./conftest
configure:3037: $? = 0
configure:3052: result: no
configure:3057: checking for suffix of object files
configure:3079: gcc -c   conftest.c >&5
configure:3083: $? = 0
configure:3104: result: o
configure:3108: checking whether we are using the GNU C compiler
configure:3127: gcc -c   conftest.c >&5
configure:3127: $? = 0
configure:3136: result: yes
configure:3145: checking whether gcc accepts -g
configure:3165: gcc -c -g  conftest.c >&5
configure:3165: $? = 0
configure:3206: result: yes
configure:3223: checking for gcc option to accept ISO C89
configure:3286: gcc  -c -g -O2  conftest.c >&5
configure:3286: $? = 0
configure:3299: result: none needed
configure:3327: checking for special C compiler options needed for large files
configure:3372: result: no
configure:3378: checking for _FILE_OFFSET_BITS value needed for large files
configure:3403: gcc -c -g -O2  conftest.c >&5
configure:3403: $? = 0
configure:3435: result: no
configure:4404: checking for gcc
configure:4431: result: gcc
configure:4660: checking for C compiler version
configure:4669: gcc --version >&5
gcc (Ubuntu 5.4.0-6ubuntu1~16.04.4) 5.4.0 20160609
Copyright (C) 2015 Free Software Foundation, Inc.
This is free software; see the source for copying conditions.  There is NO
warranty; not even for MERCHANTABILITY or FITNESS FOR A PARTICULAR PURPOSE.

configure:4680: $? = 0
configure:4669: gcc -v >&5
Using built-in specs.
COLLECT_GCC=gcc
COLLECT_LTO_WRAPPER=/usr/lib/gcc/x86_64-linux-gnu/5/lto-wrapper
Target: x86_64-linux-gnu
Configured with: ../src/configure -v --with-pkgversion='Ubuntu 5.4.0-6ubuntu1~16.04.4' --with-bugurl=file:///usr/share/doc/gcc-5/README.Bugs --enable-languages=c,ada,c++,java,go,d,fortran,objc,obj-c++ --prefix=/usr --program-suffix=-5 --enable-shared --enable-linker-build-id --libexecdir=/usr/lib --without-included-gettext --enable-threads=posix --libdir=/usr/lib --enable-nls --with-sysroot=/ --enable-clocale=gnu --enable-libstdcxx-debug --enable-libstdcxx-time=yes --with-default-libstdcxx-abi=new --enable-gnu-unique-object --disable-vtable-verify --enable-libmpx --enable-plugin --with-system-zlib --disable-browser-plugin --enable-java-awt=gtk --enable-gtk-cairo --with-java-home=/usr/lib/jvm/java-1.5.0-gcj-5-amd64/jre --enable-java-home --with-jvm-root-dir=/usr/lib/jvm/java-1.5.0-gcj-5-amd64 --with-jvm-jar-dir=/usr/lib/jvm-exports/java-1.5.0-gcj-5-amd64 --with-arch-directory=amd64 --with-ecj-jar=/usr/share/java/eclipse-ecj.jar --enable-objc-gc --enable-multiarch --disable-werror --with-arch-32=i686 --with-abi=m64 --with-multilib-list=m32,m64,mx32 --enable-multilib --with-tune=generic --enable-checking=release --build=x86_64-linux-gnu --host=x86_64-linux-gnu --target=x86_64-linux-gnu
Thread model: posix
gcc version 5.4.0 20160609 (Ubuntu 5.4.0-6ubuntu1~16.04.4) 
configure:4680: $? = 0
configure:4669: gcc -V >&5
gcc: error: unrecognized command line option '-V'
gcc: fatal error: no input files
compilation terminated.
configure:4680: $? = 1
configure:4669: gcc -qversion >&5
gcc: error: unrecognized command line option '-qversion'
gcc: fatal error: no input files
compilation terminated.
configure:4680: $? = 1
configure:4684: checking whether we are using the GNU C compiler
configure:4712: result: yes
configure:4721: checking whether gcc accepts -g
configure:4782: result: yes
configure:4799: checking for gcc option to accept ISO C89
configure:4875: result: none needed
configure:4895: checking whether make sets $(MAKE)
configure:4917: result: yes
configure:4940: checking for a BSD-compatible install
configure:5008: result: /usr/bin/install -c
configure:5021: checking for bison
configure:5039: found /usr/bin/bison
configure:5051: result: /usr/bin/bison
configure:5061: checking for flex
configure:5079: found /usr/bin/flex
configure:5091: result: /usr/bin/flex
configure:5101: checking for perl
configure:5119: found /usr/bin/perl
configure:5132: result: /usr/bin/perl
configure:5146: checking for awk
configure:5164: found /usr/bin/awk
configure:5177: result: /usr/bin/awk
configure:5234: checking for ocamlc
configure:5264: result: no
configure:5668: checking for ocaml
configure:5698: result: no
configure:5762: checking for ocamldep
configure:5792: result: no
configure:5856: checking for ocamlmktop
configure:5886: result: no
configure:5950: checking for ocamlmklib
configure:5980: result: no
configure:6044: checking for ocamldoc
configure:6074: result: no
configure:6138: checking for ocamlbuild
configure:6168: result: no
configure:6233: checking for ocamlfind
configure:6263: result: no
configure:6289: checking for gawk
configure:6316: result: /usr/bin/awk
configure:6500: checking for checkpolicy
configure:6530: result: no
configure:6570: checking for bash
configure:6601: result: /bin/bash
configure:6625: checking for python
configure:6643: found /usr/bin/python
configure:6656: result: /usr/bin/python
configure:6668: checking for python version >= 2.3 
configure:6678: result: yes
configure:6687: checking how to run the C preprocessor
configure:6718: gcc -E    conftest.c
configure:6718: $? = 0
configure:6732: gcc -E    conftest.c
conftest.c:11:28: fatal error: ac_nonexistent.h: No such file or directory
compilation terminated.
configure:6732: $? = 1
configure: failed program was:
| /* confdefs.h */
| #define PACKAGE_NAME "Xen Hypervisor Tools"
| #define PACKAGE_TARNAME "xen"
| #define PACKAGE_VERSION "4.6"
| #define PACKAGE_STRING "Xen Hypervisor Tools 4.6"
| #define PACKAGE_BUGREPORT "xen-devel@lists.xen.org"
| #define PACKAGE_URL "http://www.xen.org/"
| #define HAVE_BLKTAP2 1
| #define QEMU_XEN_PATH "/usr/local/lib/xen/bin/qemu-system-i386"
| /* end confdefs.h.  */
| #include <ac_nonexistent.h>
configure:6757: result: gcc -E
configure:6777: gcc -E    conftest.c
configure:6777: $? = 0
configure:6791: gcc -E    conftest.c
conftest.c:11:28: fatal error: ac_nonexistent.h: No such file or directory
compilation terminated.
configure:6791: $? = 1
configure: failed program was:
| /* confdefs.h */
| #define PACKAGE_NAME "Xen Hypervisor Tools"
| #define PACKAGE_TARNAME "xen"
| #define PACKAGE_VERSION "4.6"
| #define PACKAGE_STRING "Xen Hypervisor Tools 4.6"
| #define PACKAGE_BUGREPORT "xen-devel@lists.xen.org"
| #define PACKAGE_URL "http://www.xen.org/"
| #define HAVE_BLKTAP2 1
| #define QEMU_XEN_PATH "/usr/local/lib/xen/bin/qemu-system-i386"
| /* end confdefs.h.  */
| #include <ac_nonexistent.h>
configure:6820: checking for grep that handles long lines and -e
configure:6878: result: /bin/grep
configure:6883: checking for egrep
configure:6945: result: /bin/grep -E
configure:6950: checking for ANSI C header files
configure:6970: gcc -c -g -O2    conftest.c >&5
configure:6970: $? = 0
configure:7043: gcc -o conftest -g -O2       conftest.c  >&5
configure:7043: $? = 0
configure:7043: ./conftest
configure:7043: $? = 0
configure:7054: result: yes
configure:7067: checking for sys/types.h
configure:7067: gcc -c -g -O2    conftest.c >&5
configure:7067: $? = 0
configure:7067: result: yes
configure:7067: checking for sys/stat.h
configure:7067: gcc -c -g -O2    conftest.c >&5
configure:7067: $? = 0
configure:7067: result: yes
configure:7067: checking for stdlib.h
configure:7067: gcc -c -g -O2    conftest.c >&5
configure:7067: $? = 0
configure:7067: result: yes
configure:7067: checking for string.h
configure:7067: gcc -c -g -O2    conftest.c >&5
configure:7067: $? = 0
configure:7067: result: yes
configure:7067: checking for memory.h
configure:7067: gcc -c -g -O2    conftest.c >&5
configure:7067: $? = 0
configure:7067: result: yes
configure:7067: checking for strings.h
configure:7067: gcc -c -g -O2    conftest.c >&5
configure:7067: $? = 0
configure:7067: result: yes
configure:7067: checking for inttypes.h
configure:7067: gcc -c -g -O2    conftest.c >&5
configure:7067: $? = 0
configure:7067: result: yes
configure:7067: checking for stdint.h
configure:7067: gcc -c -g -O2    conftest.c >&5
configure:7067: $? = 0
configure:7067: result: yes
configure:7067: checking for unistd.h
configure:7067: gcc -c -g -O2    conftest.c >&5
configure:7067: $? = 0
configure:7067: result: yes
configure:7088: checking for python-config
configure:7106: found /usr/bin/python-config
configure:7119: result: /usr/bin/python-config
configure:7152: checking Python.h usability
configure:7152: gcc -c -g -O2 -g -O2 -I/usr/include/python2.7 -I/usr/include/x86_64-linux-gnu/python2.7  -fno-strict-aliasing -Wdate-time -D_FORTIFY_SOURCE=2 -g -fstack-protector-strong -Wformat -Werror=format-security  -DNDEBUG -g -fwrapv -O2 -Wall -Wstrict-prototypes conftest.c >&5
configure:7152: $? = 0
configure:7152: result: yes
configure:7152: checking Python.h presence
configure:7152: gcc -E -g -O2 -I/usr/include/python2.7 -I/usr/include/x86_64-linux-gnu/python2.7  -fno-strict-aliasing -Wdate-time -D_FORTIFY_SOURCE=2 -g -fstack-protector-strong -Wformat -Werror=format-security  -DNDEBUG -g -fwrapv -O2 -Wall -Wstrict-prototypes conftest.c
configure:7152: $? = 0
configure:7152: result: yes
configure:7152: checking for Python.h
configure:7152: result: yes
configure:7161: checking for PyArg_ParseTuple in -lpython2.7
configure:7186: gcc -o conftest -g -O2 -g -O2 -I/usr/include/python2.7 -I/usr/include/x86_64-linux-gnu/python2.7  -fno-strict-aliasing -Wdate-time -D_FORTIFY_SOURCE=2 -g -fstack-protector-strong -Wformat -Werror=format-security  -DNDEBUG -g -fwrapv -O2 -Wall -Wstrict-prototypes    -L/usr/lib/python2.7/config-x86_64-linux-gnu -L/usr/lib -lpython2.7 -lpthread -ldl  -lutil -lm  -Xlinker -export-dynamic -Wl,-O1 -Wl,-Bsymbolic-functions conftest.c -lpython2.7   >&5
conftest.c:28:1: warning: function declaration isn't a prototype [-Wstrict-prototypes]
 char PyArg_ParseTuple ();
 ^
conftest.c:30:1: warning: function declaration isn't a prototype [-Wstrict-prototypes]
 main ()
 ^
configure:7186: $? = 0
configure:7196: result: yes
configure:7213: checking whether Python setup.py brokenly enables -D_FORTIFY_SOURCE
configure:7231: result: yes
configure:7253: checking for xgettext
configure:7271: found /usr/bin/xgettext
configure:7284: result: /usr/bin/xgettext
configure:7300: checking for as86
configure:7318: found /usr/bin/as86
configure:7331: result: /usr/bin/as86
configure:7345: checking for ld86
configure:7363: found /usr/bin/ld86
configure:7376: result: /usr/bin/ld86
configure:7390: checking for bcc
configure:7408: found /usr/bin/bcc
configure:7421: result: /usr/bin/bcc
configure:7435: checking for iasl
configure:7453: found /usr/bin/iasl
configure:7466: result: /usr/bin/iasl
configure:7481: checking uuid/uuid.h usability
configure:7481: gcc -c -g -O2    conftest.c >&5
configure:7481: $? = 0
configure:7481: result: yes
configure:7481: checking uuid/uuid.h presence
configure:7481: gcc -E    conftest.c
configure:7481: $? = 0
configure:7481: result: yes
configure:7481: checking for uuid/uuid.h
configure:7481: result: yes
configure:7484: checking for uuid_clear in -luuid
configure:7509: gcc -o conftest -g -O2       -L/usr/lib/python2.7/config-x86_64-linux-gnu -L/usr/lib -lpython2.7 -lpthread -ldl  -lutil -lm  -Xlinker -export-dynamic -Wl,-O1 -Wl,-Bsymbolic-functions conftest.c -luuid  -lpython2.7  >&5
configure:7509: $? = 0
configure:7518: result: yes
configure:7528: checking uuid.h usability
configure:7528: gcc -c -g -O2    conftest.c >&5
conftest.c:55:18: fatal error: uuid.h: No such file or directory
compilation terminated.
configure:7528: $? = 1
configure: failed program was:
| /* confdefs.h */
| #define PACKAGE_NAME "Xen Hypervisor Tools"
| #define PACKAGE_TARNAME "xen"
| #define PACKAGE_VERSION "4.6"
| #define PACKAGE_STRING "Xen Hypervisor Tools 4.6"
| #define PACKAGE_BUGREPORT "xen-devel@lists.xen.org"
| #define PACKAGE_URL "http://www.xen.org/"
| #define HAVE_BLKTAP2 1
| #define QEMU_XEN_PATH "/usr/local/lib/xen/bin/qemu-system-i386"
| #define STDC_HEADERS 1
| #define HAVE_SYS_TYPES_H 1
| #define HAVE_SYS_STAT_H 1
| #define HAVE_STDLIB_H 1
| #define HAVE_STRING_H 1
| #define HAVE_MEMORY_H 1
| #define HAVE_STRINGS_H 1
| #define HAVE_INTTYPES_H 1
| #define HAVE_STDINT_H 1
| #define HAVE_UNISTD_H 1
| #define HAVE_LIBPYTHON2_7 1
| /* end confdefs.h.  */
| #include <stdio.h>
| #ifdef HAVE_SYS_TYPES_H
| # include <sys/types.h>
| #endif
| #ifdef HAVE_SYS_STAT_H
| # include <sys/stat.h>
| #endif
| #ifdef STDC_HEADERS
| # include <stdlib.h>
| # include <stddef.h>
| #else
| # ifdef HAVE_STDLIB_H
| #  include <stdlib.h>
| # endif
| #endif
| #ifdef HAVE_STRING_H
| # if !defined STDC_HEADERS && defined HAVE_MEMORY_H
| #  include <memory.h>
| # endif
| # include <string.h>
| #endif
| #ifdef HAVE_STRINGS_H
| # include <strings.h>
| #endif
| #ifdef HAVE_INTTYPES_H
| # include <inttypes.h>
| #endif
| #ifdef HAVE_STDINT_H
| # include <stdint.h>
| #endif
| #ifdef HAVE_UNISTD_H
| # include <unistd.h>
| #endif
| #include <uuid.h>
configure:7528: result: no
configure:7528: checking uuid.h presence
configure:7528: gcc -E    conftest.c
conftest.c:22:18: fatal error: uuid.h: No such file or directory
compilation terminated.
configure:7528: $? = 1
configure: failed program was:
| /* confdefs.h */
| #define PACKAGE_NAME "Xen Hypervisor Tools"
| #define PACKAGE_TARNAME "xen"
| #define PACKAGE_VERSION "4.6"
| #define PACKAGE_STRING "Xen Hypervisor Tools 4.6"
| #define PACKAGE_BUGREPORT "xen-devel@lists.xen.org"
| #define PACKAGE_URL "http://www.xen.org/"
| #define HAVE_BLKTAP2 1
| #define QEMU_XEN_PATH "/usr/local/lib/xen/bin/qemu-system-i386"
| #define STDC_HEADERS 1
| #define HAVE_SYS_TYPES_H 1
| #define HAVE_SYS_STAT_H 1
| #define HAVE_STDLIB_H 1
| #define HAVE_STRING_H 1
| #define HAVE_MEMORY_H 1
| #define HAVE_STRINGS_H 1
| #define HAVE_INTTYPES_H 1
| #define HAVE_STDINT_H 1
| #define HAVE_UNISTD_H 1
| #define HAVE_LIBPYTHON2_7 1
| /* end confdefs.h.  */
| #include <uuid.h>
configure:7528: result: no
configure:7528: checking for uuid.h
configure:7528: result: no
configure:7541: checking curses.h usability
configure:7541: gcc -c -g -O2    conftest.c >&5
configure:7541: $? = 0
configure:7541: result: yes
configure:7541: checking curses.h presence
configure:7541: gcc -E    conftest.c
configure:7541: $? = 0
configure:7541: result: yes
configure:7541: checking for curses.h
configure:7541: result: yes
configure:7544: checking for clear in -lcurses
configure:7569: gcc -o conftest -g -O2       -L/usr/lib/python2.7/config-x86_64-linux-gnu -L/usr/lib -lpython2.7 -lpthread -ldl  -lutil -lm  -Xlinker -export-dynamic -Wl,-O1 -Wl,-Bsymbolic-functions conftest.c -lcurses  -lpython2.7  >&5
configure:7569: $? = 0
configure:7578: result: yes
configure:7592: checking ncurses.h usability
configure:7592: gcc -c -g -O2    conftest.c >&5
configure:7592: $? = 0
configure:7592: result: yes
configure:7592: checking ncurses.h presence
configure:7592: gcc -E    conftest.c
configure:7592: $? = 0
configure:7592: result: yes
configure:7592: checking for ncurses.h
configure:7592: result: yes
configure:7595: checking for clear in -lncurses
configure:7620: gcc -o conftest -g -O2       -L/usr/lib/python2.7/config-x86_64-linux-gnu -L/usr/lib -lpython2.7 -lpthread -ldl  -lutil -lm  -Xlinker -export-dynamic -Wl,-O1 -Wl,-Bsymbolic-functions conftest.c -lncurses  -lpython2.7  >&5
configure:7620: $? = 0
configure:7629: result: yes
configure:7668: checking for define_key in -ltinfo
configure:7693: gcc -o conftest -g -O2       -L/usr/lib/python2.7/config-x86_64-linux-gnu -L/usr/lib -lpython2.7 -lpthread -ldl  -lutil -lm  -Xlinker -export-dynamic -Wl,-O1 -Wl,-Bsymbolic-functions conftest.c -ltinfo  -lpython2.7  >&5
configure:7693: $? = 0
configure:7702: result: yes
configure:7766: checking for pkg-config
configure:7784: found /usr/bin/pkg-config
configure:7796: result: /usr/bin/pkg-config
configure:7821: checking pkg-config is at least version 0.9.0
configure:7824: result: yes
configure:7836: checking for glib
configure:7843: $PKG_CONFIG --exists --print-errors "glib-2.0 >= 2.12"
configure:7846: $? = 0
configure:7860: $PKG_CONFIG --exists --print-errors "glib-2.0 >= 2.12"
configure:7863: $? = 0
configure:7921: result: yes
configure:7927: checking for pixman
configure:7934: $PKG_CONFIG --exists --print-errors "pixman-1 >= 0.21.8"
configure:7937: $? = 0
configure:7951: $PKG_CONFIG --exists --print-errors "pixman-1 >= 0.21.8"
configure:7954: $? = 0
configure:8012: result: yes
configure:8021: checking for wget
configure:8039: found /usr/bin/wget
configure:8052: result: /usr/bin/wget
configure:8122: checking bzlib.h usability
configure:8122: gcc -c -g -O2    conftest.c >&5
configure:8122: $? = 0
configure:8122: result: yes
configure:8122: checking bzlib.h presence
configure:8122: gcc -E    conftest.c
configure:8122: $? = 0
configure:8122: result: yes
configure:8122: checking for bzlib.h
configure:8122: result: yes
configure:8125: checking for BZ2_bzDecompressInit in -lbz2
configure:8150: gcc -o conftest -g -O2       -L/usr/lib/python2.7/config-x86_64-linux-gnu -L/usr/lib -lpython2.7 -lpthread -ldl  -lutil -lm  -Xlinker -export-dynamic -Wl,-O1 -Wl,-Bsymbolic-functions conftest.c -lbz2  -lpython2.7  >&5
configure:8150: $? = 0
configure:8159: result: yes
configure:8169: checking lzma.h usability
configure:8169: gcc -c -g -O2    conftest.c >&5
configure:8169: $? = 0
configure:8169: result: yes
configure:8169: checking lzma.h presence
configure:8169: gcc -E    conftest.c
configure:8169: $? = 0
configure:8169: result: yes
configure:8169: checking for lzma.h
configure:8169: result: yes
configure:8172: checking for lzma_stream_decoder in -llzma
configure:8197: gcc -o conftest -g -O2       -L/usr/lib/python2.7/config-x86_64-linux-gnu -L/usr/lib -lpython2.7 -lpthread -ldl  -lutil -lm  -Xlinker -export-dynamic -Wl,-O1 -Wl,-Bsymbolic-functions conftest.c -llzma  -lpython2.7  >&5
configure:8197: $? = 0
configure:8206: result: yes
configure:8216: checking lzo/lzo1x.h usability
configure:8216: gcc -c -g -O2    conftest.c >&5
conftest.c:56:23: fatal error: lzo/lzo1x.h: No such file or directory
compilation terminated.
configure:8216: $? = 1
configure: failed program was:
| /* confdefs.h */
| #define PACKAGE_NAME "Xen Hypervisor Tools"
| #define PACKAGE_TARNAME "xen"
| #define PACKAGE_VERSION "4.6"
| #define PACKAGE_STRING "Xen Hypervisor Tools 4.6"
| #define PACKAGE_BUGREPORT "xen-devel@lists.xen.org"
| #define PACKAGE_URL "http://www.xen.org/"
| #define HAVE_BLKTAP2 1
| #define QEMU_XEN_PATH "/usr/local/lib/xen/bin/qemu-system-i386"
| #define STDC_HEADERS 1
| #define HAVE_SYS_TYPES_H 1
| #define HAVE_SYS_STAT_H 1
| #define HAVE_STDLIB_H 1
| #define HAVE_STRING_H 1
| #define HAVE_MEMORY_H 1
| #define HAVE_STRINGS_H 1
| #define HAVE_INTTYPES_H 1
| #define HAVE_STDINT_H 1
| #define HAVE_UNISTD_H 1
| #define HAVE_LIBPYTHON2_7 1
| #define INCLUDE_CURSES_H <ncurses.h>
| /* end confdefs.h.  */
| #include <stdio.h>
| #ifdef HAVE_SYS_TYPES_H
| # include <sys/types.h>
| #endif
| #ifdef HAVE_SYS_STAT_H
| # include <sys/stat.h>
| #endif
| #ifdef STDC_HEADERS
| # include <stdlib.h>
| # include <stddef.h>
| #else
| # ifdef HAVE_STDLIB_H
| #  include <stdlib.h>
| # endif
| #endif
| #ifdef HAVE_STRING_H
| # if !defined STDC_HEADERS && defined HAVE_MEMORY_H
| #  include <memory.h>
| # endif
| # include <string.h>
| #endif
| #ifdef HAVE_STRINGS_H
| # include <strings.h>
| #endif
| #ifdef HAVE_INTTYPES_H
| # include <inttypes.h>
| #endif
| #ifdef HAVE_STDINT_H
| # include <stdint.h>
| #endif
| #ifdef HAVE_UNISTD_H
| # include <unistd.h>
| #endif
| #include <lzo/lzo1x.h>
configure:8216: result: no
configure:8216: checking lzo/lzo1x.h presence
configure:8216: gcc -E    conftest.c
conftest.c:23:23: fatal error: lzo/lzo1x.h: No such file or directory
compilation terminated.
configure:8216: $? = 1
configure: failed program was:
| /* confdefs.h */
| #define PACKAGE_NAME "Xen Hypervisor Tools"
| #define PACKAGE_TARNAME "xen"
| #define PACKAGE_VERSION "4.6"
| #define PACKAGE_STRING "Xen Hypervisor Tools 4.6"
| #define PACKAGE_BUGREPORT "xen-devel@lists.xen.org"
| #define PACKAGE_URL "http://www.xen.org/"
| #define HAVE_BLKTAP2 1
| #define QEMU_XEN_PATH "/usr/local/lib/xen/bin/qemu-system-i386"
| #define STDC_HEADERS 1
| #define HAVE_SYS_TYPES_H 1
| #define HAVE_SYS_STAT_H 1
| #define HAVE_STDLIB_H 1
| #define HAVE_STRING_H 1
| #define HAVE_MEMORY_H 1
| #define HAVE_STRINGS_H 1
| #define HAVE_INTTYPES_H 1
| #define HAVE_STDINT_H 1
| #define HAVE_UNISTD_H 1
| #define HAVE_LIBPYTHON2_7 1
| #define INCLUDE_CURSES_H <ncurses.h>
| /* end confdefs.h.  */
| #include <lzo/lzo1x.h>
configure:8216: result: no
configure:8216: checking for lzo/lzo1x.h
configure:8216: result: no
configure:8266: checking for io_setup in -laio
configure:8291: gcc -o conftest -g -O2       -L/usr/lib/python2.7/config-x86_64-linux-gnu -L/usr/lib -lpython2.7 -lpthread -ldl  -lutil -lm  -Xlinker -export-dynamic -Wl,-O1 -Wl,-Bsymbolic-functions conftest.c -laio  -lpython2.7  >&5
configure:8291: $? = 0
configure:8300: result: yes
configure:8316: checking for MD5 in -lcrypto
configure:8341: gcc -o conftest -g -O2       -L/usr/lib/python2.7/config-x86_64-linux-gnu -L/usr/lib -lpython2.7 -lpthread -ldl  -lutil -lm  -Xlinker -export-dynamic -Wl,-O1 -Wl,-Bsymbolic-functions conftest.c -lcrypto  -laio -lpython2.7  >&5
configure:8341: $? = 0
configure:8350: result: yes
configure:8364: checking ext2fs/ext2fs.h usability
configure:8364: gcc -c -g -O2    conftest.c >&5
conftest.c:58:27: fatal error: ext2fs/ext2fs.h: No such file or directory
compilation terminated.
configure:8364: $? = 1
configure: failed program was:
| /* confdefs.h */
| #define PACKAGE_NAME "Xen Hypervisor Tools"
| #define PACKAGE_TARNAME "xen"
| #define PACKAGE_VERSION "4.6"
| #define PACKAGE_STRING "Xen Hypervisor Tools 4.6"
| #define PACKAGE_BUGREPORT "xen-devel@lists.xen.org"
| #define PACKAGE_URL "http://www.xen.org/"
| #define HAVE_BLKTAP2 1
| #define QEMU_XEN_PATH "/usr/local/lib/xen/bin/qemu-system-i386"
| #define STDC_HEADERS 1
| #define HAVE_SYS_TYPES_H 1
| #define HAVE_SYS_STAT_H 1
| #define HAVE_STDLIB_H 1
| #define HAVE_STRING_H 1
| #define HAVE_MEMORY_H 1
| #define HAVE_STRINGS_H 1
| #define HAVE_INTTYPES_H 1
| #define HAVE_STDINT_H 1
| #define HAVE_UNISTD_H 1
| #define HAVE_LIBPYTHON2_7 1
| #define INCLUDE_CURSES_H <ncurses.h>
| #define HAVE_LIBAIO 1
| #define HAVE_LIBCRYPTO 1
| /* end confdefs.h.  */
| #include <stdio.h>
| #ifdef HAVE_SYS_TYPES_H
| # include <sys/types.h>
| #endif
| #ifdef HAVE_SYS_STAT_H
| # include <sys/stat.h>
| #endif
| #ifdef STDC_HEADERS
| # include <stdlib.h>
| # include <stddef.h>
| #else
| # ifdef HAVE_STDLIB_H
| #  include <stdlib.h>
| # endif
| #endif
| #ifdef HAVE_STRING_H
| # if !defined STDC_HEADERS && defined HAVE_MEMORY_H
| #  include <memory.h>
| # endif
| # include <string.h>
| #endif
| #ifdef HAVE_STRINGS_H
| # include <strings.h>
| #endif
| #ifdef HAVE_INTTYPES_H
| # include <inttypes.h>
| #endif
| #ifdef HAVE_STDINT_H
| # include <stdint.h>
| #endif
| #ifdef HAVE_UNISTD_H
| # include <unistd.h>
| #endif
| #include <ext2fs/ext2fs.h>
configure:8364: result: no
configure:8364: checking ext2fs/ext2fs.h presence
configure:8364: gcc -E    conftest.c
conftest.c:25:27: fatal error: ext2fs/ext2fs.h: No such file or directory
compilation terminated.
configure:8364: $? = 1
configure: failed program was:
| /* confdefs.h */
| #define PACKAGE_NAME "Xen Hypervisor Tools"
| #define PACKAGE_TARNAME "xen"
| #define PACKAGE_VERSION "4.6"
| #define PACKAGE_STRING "Xen Hypervisor Tools 4.6"
| #define PACKAGE_BUGREPORT "xen-devel@lists.xen.org"
| #define PACKAGE_URL "http://www.xen.org/"
| #define HAVE_BLKTAP2 1
| #define QEMU_XEN_PATH "/usr/local/lib/xen/bin/qemu-system-i386"
| #define STDC_HEADERS 1
| #define HAVE_SYS_TYPES_H 1
| #define HAVE_SYS_STAT_H 1
| #define HAVE_STDLIB_H 1
| #define HAVE_STRING_H 1
| #define HAVE_MEMORY_H 1
| #define HAVE_STRINGS_H 1
| #define HAVE_INTTYPES_H 1
| #define HAVE_STDINT_H 1
| #define HAVE_UNISTD_H 1
| #define HAVE_LIBPYTHON2_7 1
| #define INCLUDE_CURSES_H <ncurses.h>
| #define HAVE_LIBAIO 1
| #define HAVE_LIBCRYPTO 1
| /* end confdefs.h.  */
| #include <ext2fs/ext2fs.h>
configure:8364: result: no
configure:8364: checking for ext2fs/ext2fs.h
configure:8364: result: no
configure:8416: checking ext4fs/ext2fs.h usability
configure:8416: gcc -c -g -O2    conftest.c >&5
conftest.c:58:27: fatal error: ext4fs/ext2fs.h: No such file or directory
compilation terminated.
configure:8416: $? = 1
configure: failed program was:
| /* confdefs.h */
| #define PACKAGE_NAME "Xen Hypervisor Tools"
| #define PACKAGE_TARNAME "xen"
| #define PACKAGE_VERSION "4.6"
| #define PACKAGE_STRING "Xen Hypervisor Tools 4.6"
| #define PACKAGE_BUGREPORT "xen-devel@lists.xen.org"
| #define PACKAGE_URL "http://www.xen.org/"
| #define HAVE_BLKTAP2 1
| #define QEMU_XEN_PATH "/usr/local/lib/xen/bin/qemu-system-i386"
| #define STDC_HEADERS 1
| #define HAVE_SYS_TYPES_H 1
| #define HAVE_SYS_STAT_H 1
| #define HAVE_STDLIB_H 1
| #define HAVE_STRING_H 1
| #define HAVE_MEMORY_H 1
| #define HAVE_STRINGS_H 1
| #define HAVE_INTTYPES_H 1
| #define HAVE_STDINT_H 1
| #define HAVE_UNISTD_H 1
| #define HAVE_LIBPYTHON2_7 1
| #define INCLUDE_CURSES_H <ncurses.h>
| #define HAVE_LIBAIO 1
| #define HAVE_LIBCRYPTO 1
| /* end confdefs.h.  */
| #include <stdio.h>
| #ifdef HAVE_SYS_TYPES_H
| # include <sys/types.h>
| #endif
| #ifdef HAVE_SYS_STAT_H
| # include <sys/stat.h>
| #endif
| #ifdef STDC_HEADERS
| # include <stdlib.h>
| # include <stddef.h>
| #else
| # ifdef HAVE_STDLIB_H
| #  include <stdlib.h>
| # endif
| #endif
| #ifdef HAVE_STRING_H
| # if !defined STDC_HEADERS && defined HAVE_MEMORY_H
| #  include <memory.h>
| # endif
| # include <string.h>
| #endif
| #ifdef HAVE_STRINGS_H
| # include <strings.h>
| #endif
| #ifdef HAVE_INTTYPES_H
| # include <inttypes.h>
| #endif
| #ifdef HAVE_STDINT_H
| # include <stdint.h>
| #endif
| #ifdef HAVE_UNISTD_H
| # include <unistd.h>
| #endif
| #include <ext4fs/ext2fs.h>
configure:8416: result: no
configure:8416: checking ext4fs/ext2fs.h presence
configure:8416: gcc -E    conftest.c
conftest.c:25:27: fatal error: ext4fs/ext2fs.h: No such file or directory
compilation terminated.
configure:8416: $? = 1
configure: failed program was:
| /* confdefs.h */
| #define PACKAGE_NAME "Xen Hypervisor Tools"
| #define PACKAGE_TARNAME "xen"
| #define PACKAGE_VERSION "4.6"
| #define PACKAGE_STRING "Xen Hypervisor Tools 4.6"
| #define PACKAGE_BUGREPORT "xen-devel@lists.xen.org"
| #define PACKAGE_URL "http://www.xen.org/"
| #define HAVE_BLKTAP2 1
| #define QEMU_XEN_PATH "/usr/local/lib/xen/bin/qemu-system-i386"
| #define STDC_HEADERS 1
| #define HAVE_SYS_TYPES_H 1
| #define HAVE_SYS_STAT_H 1
| #define HAVE_STDLIB_H 1
| #define HAVE_STRING_H 1
| #define HAVE_MEMORY_H 1
| #define HAVE_STRINGS_H 1
| #define HAVE_INTTYPES_H 1
| #define HAVE_STDINT_H 1
| #define HAVE_UNISTD_H 1
| #define HAVE_LIBPYTHON2_7 1
| #define INCLUDE_CURSES_H <ncurses.h>
| #define HAVE_LIBAIO 1
| #define HAVE_LIBCRYPTO 1
| /* end confdefs.h.  */
| #include <ext4fs/ext2fs.h>
configure:8416: result: no
configure:8416: checking for ext4fs/ext2fs.h
configure:8416: result: no
configure:8470: checking for gcry_md_hash_buffer in -lgcrypt
configure:8495: gcc -o conftest -g -O2       -L/usr/lib/python2.7/config-x86_64-linux-gnu -L/usr/lib -lpython2.7 -lpthread -ldl  -lutil -lm  -Xlinker -export-dynamic -Wl,-O1 -Wl,-Bsymbolic-functions conftest.c -lgcrypt  -lcrypto -laio -lpython2.7  >&5
/usr/bin/ld: cannot find -lgcrypt
collect2: error: ld returned 1 exit status
configure:8495: $? = 1
configure: failed program was:
| /* confdefs.h */
| #define PACKAGE_NAME "Xen Hypervisor Tools"
| #define PACKAGE_TARNAME "xen"
| #define PACKAGE_VERSION "4.6"
| #define PACKAGE_STRING "Xen Hypervisor Tools 4.6"
| #define PACKAGE_BUGREPORT "xen-devel@lists.xen.org"
| #define PACKAGE_URL "http://www.xen.org/"
| #define HAVE_BLKTAP2 1
| #define QEMU_XEN_PATH "/usr/local/lib/xen/bin/qemu-system-i386"
| #define STDC_HEADERS 1
| #define HAVE_SYS_TYPES_H 1
| #define HAVE_SYS_STAT_H 1
| #define HAVE_STDLIB_H 1
| #define HAVE_STRING_H 1
| #define HAVE_MEMORY_H 1
| #define HAVE_STRINGS_H 1
| #define HAVE_INTTYPES_H 1
| #define HAVE_STDINT_H 1
| #define HAVE_UNISTD_H 1
| #define HAVE_LIBPYTHON2_7 1
| #define INCLUDE_CURSES_H <ncurses.h>
| #define HAVE_LIBAIO 1
| #define HAVE_LIBCRYPTO 1
| /* end confdefs.h.  */
| 
| /* Override any GCC internal prototype to avoid an error.
|    Use char because int might match the return type of a GCC
|    builtin and then its argument prototype would still apply.  */
| #ifdef __cplusplus
| extern "C"
| #endif
| char gcry_md_hash_buffer ();
| int
| main ()
| {
| return gcry_md_hash_buffer ();
|   ;
|   return 0;
| }
configure:8504: result: no
configure:8514: checking for pthread flag
configure:8550: gcc -o conftest -g -O2 -pthread       -L/usr/lib/python2.7/config-x86_64-linux-gnu -L/usr/lib -lpython2.7 -lpthread -ldl  -lutil -lm  -Xlinker -export-dynamic -Wl,-O1 -Wl,-Bsymbolic-functions -pthread conftest.c -lcrypto -laio -lpython2.7   >&5
conftest.c: In function 'main':
conftest.c:29:3: warning: null argument where non-null required (argument 1) [-Wnonnull]
   pthread_create(0,0,0,0);
   ^
conftest.c:29:3: warning: null argument where non-null required (argument 3) [-Wnonnull]
configure:8550: $? = 0
configure:8566: result: -pthread
configure:8583: checking libutil.h usability
configure:8583: gcc -c -g -O2    -Werror conftest.c >&5
conftest.c:58:21: fatal error: libutil.h: No such file or directory
compilation terminated.
configure:8583: $? = 1
configure: failed program was:
| /* confdefs.h */
| #define PACKAGE_NAME "Xen Hypervisor Tools"
| #define PACKAGE_TARNAME "xen"
| #define PACKAGE_VERSION "4.6"
| #define PACKAGE_STRING "Xen Hypervisor Tools 4.6"
| #define PACKAGE_BUGREPORT "xen-devel@lists.xen.org"
| #define PACKAGE_URL "http://www.xen.org/"
| #define HAVE_BLKTAP2 1
| #define QEMU_XEN_PATH "/usr/local/lib/xen/bin/qemu-system-i386"
| #define STDC_HEADERS 1
| #define HAVE_SYS_TYPES_H 1
| #define HAVE_SYS_STAT_H 1
| #define HAVE_STDLIB_H 1
| #define HAVE_STRING_H 1
| #define HAVE_MEMORY_H 1
| #define HAVE_STRINGS_H 1
| #define HAVE_INTTYPES_H 1
| #define HAVE_STDINT_H 1
| #define HAVE_UNISTD_H 1
| #define HAVE_LIBPYTHON2_7 1
| #define INCLUDE_CURSES_H <ncurses.h>
| #define HAVE_LIBAIO 1
| #define HAVE_LIBCRYPTO 1
| /* end confdefs.h.  */
| #include <stdio.h>
| #ifdef HAVE_SYS_TYPES_H
| # include <sys/types.h>
| #endif
| #ifdef HAVE_SYS_STAT_H
| # include <sys/stat.h>
| #endif
| #ifdef STDC_HEADERS
| # include <stdlib.h>
| # include <stddef.h>
| #else
| # ifdef HAVE_STDLIB_H
| #  include <stdlib.h>
| # endif
| #endif
| #ifdef HAVE_STRING_H
| # if !defined STDC_HEADERS && defined HAVE_MEMORY_H
| #  include <memory.h>
| # endif
| # include <string.h>
| #endif
| #ifdef HAVE_STRINGS_H
| # include <strings.h>
| #endif
| #ifdef HAVE_INTTYPES_H
| # include <inttypes.h>
| #endif
| #ifdef HAVE_STDINT_H
| # include <stdint.h>
| #endif
| #ifdef HAVE_UNISTD_H
| # include <unistd.h>
| #endif
| #include <libutil.h>
configure:8583: result: no
configure:8583: checking libutil.h presence
configure:8583: gcc -E    -Werror conftest.c
conftest.c:25:21: fatal error: libutil.h: No such file or directory
compilation terminated.
configure:8583: $? = 1
configure: failed program was:
| /* confdefs.h */
| #define PACKAGE_NAME "Xen Hypervisor Tools"
| #define PACKAGE_TARNAME "xen"
| #define PACKAGE_VERSION "4.6"
| #define PACKAGE_STRING "Xen Hypervisor Tools 4.6"
| #define PACKAGE_BUGREPORT "xen-devel@lists.xen.org"
| #define PACKAGE_URL "http://www.xen.org/"
| #define HAVE_BLKTAP2 1
| #define QEMU_XEN_PATH "/usr/local/lib/xen/bin/qemu-system-i386"
| #define STDC_HEADERS 1
| #define HAVE_SYS_TYPES_H 1
| #define HAVE_SYS_STAT_H 1
| #define HAVE_STDLIB_H 1
| #define HAVE_STRING_H 1
| #define HAVE_MEMORY_H 1
| #define HAVE_STRINGS_H 1
| #define HAVE_INTTYPES_H 1
| #define HAVE_STDINT_H 1
| #define HAVE_UNISTD_H 1
| #define HAVE_LIBPYTHON2_7 1
| #define INCLUDE_CURSES_H <ncurses.h>
| #define HAVE_LIBAIO 1
| #define HAVE_LIBCRYPTO 1
| /* end confdefs.h.  */
| #include <libutil.h>
configure:8583: result: no
configure:8583: checking for libutil.h
configure:8583: result: no
configure:8596: checking for openpty et al
configure:8625: gcc -o conftest -g -O2       -L/usr/lib/python2.7/config-x86_64-linux-gnu -L/usr/lib -lpython2.7 -lpthread -ldl  -lutil -lm  -Xlinker -export-dynamic -Wl,-O1 -Wl,-Bsymbolic-functions conftest.c -lcrypto -laio -lpython2.7  -lutil >&5
conftest.c: In function 'main':
conftest.c:30:3: warning: implicit declaration of function 'openpty' [-Wimplicit-function-declaration]
   openpty(0,0,0,0,0);
   ^
conftest.c:31:3: warning: implicit declaration of function 'login_tty' [-Wimplicit-function-declaration]
   login_tty(0);
   ^
configure:8625: $? = 0
configure:8638: result: -lutil
configure:8643: checking for yajl_alloc in -lyajl
configure:8668: gcc -o conftest -g -O2       -L/usr/lib/python2.7/config-x86_64-linux-gnu -L/usr/lib -lpython2.7 -lpthread -ldl  -lutil -lm  -Xlinker -export-dynamic -Wl,-O1 -Wl,-Bsymbolic-functions conftest.c -lyajl  -lcrypto -laio -lpython2.7  -lutil >&5
configure:8668: $? = 0
configure:8677: result: yes
configure:8690: checking for deflateCopy in -lz
configure:8715: gcc -o conftest -g -O2       -L/usr/lib/python2.7/config-x86_64-linux-gnu -L/usr/lib -lpython2.7 -lpthread -ldl  -lutil -lm  -Xlinker -export-dynamic -Wl,-O1 -Wl,-Bsymbolic-functions conftest.c -lz  -lyajl -lcrypto -laio -lpython2.7  -lutil >&5
configure:8715: $? = 0
configure:8724: result: yes
configure:8737: checking for libiconv_open in -liconv
configure:8762: gcc -o conftest -g -O2       -L/usr/lib/python2.7/config-x86_64-linux-gnu -L/usr/lib -lpython2.7 -lpthread -ldl  -lutil -lm  -Xlinker -export-dynamic -Wl,-O1 -Wl,-Bsymbolic-functions conftest.c -liconv  -lz -lyajl -lcrypto -laio -lpython2.7  -lutil >&5
/usr/bin/ld: cannot find -liconv
collect2: error: ld returned 1 exit status
configure:8762: $? = 1
configure: failed program was:
| /* confdefs.h */
| #define PACKAGE_NAME "Xen Hypervisor Tools"
| #define PACKAGE_TARNAME "xen"
| #define PACKAGE_VERSION "4.6"
| #define PACKAGE_STRING "Xen Hypervisor Tools 4.6"
| #define PACKAGE_BUGREPORT "xen-devel@lists.xen.org"
| #define PACKAGE_URL "http://www.xen.org/"
| #define HAVE_BLKTAP2 1
| #define QEMU_XEN_PATH "/usr/local/lib/xen/bin/qemu-system-i386"
| #define STDC_HEADERS 1
| #define HAVE_SYS_TYPES_H 1
| #define HAVE_SYS_STAT_H 1
| #define HAVE_STDLIB_H 1
| #define HAVE_STRING_H 1
| #define HAVE_MEMORY_H 1
| #define HAVE_STRINGS_H 1
| #define HAVE_INTTYPES_H 1
| #define HAVE_STDINT_H 1
| #define HAVE_UNISTD_H 1
| #define HAVE_LIBPYTHON2_7 1
| #define INCLUDE_CURSES_H <ncurses.h>
| #define HAVE_LIBAIO 1
| #define HAVE_LIBCRYPTO 1
| #define HAVE_LIBYAJL 1
| #define HAVE_LIBZ 1
| /* end confdefs.h.  */
| 
| /* Override any GCC internal prototype to avoid an error.
|    Use char because int might match the return type of a GCC
|    builtin and then its argument prototype would still apply.  */
| #ifdef __cplusplus
| extern "C"
| #endif
| char libiconv_open ();
| int
| main ()
| {
| return libiconv_open ();
|   ;
|   return 0;
| }
configure:8771: result: no
configure:8780: checking argp.h usability
configure:8780: gcc -c -g -O2    conftest.c >&5
configure:8780: $? = 0
configure:8780: result: yes
configure:8780: checking argp.h presence
configure:8780: gcc -E    conftest.c
configure:8780: $? = 0
configure:8780: result: yes
configure:8780: checking for argp.h
configure:8780: result: yes
configure:8783: checking for argp_usage in -largp
configure:8808: gcc -o conftest -g -O2       -L/usr/lib/python2.7/config-x86_64-linux-gnu -L/usr/lib -lpython2.7 -lpthread -ldl  -lutil -lm  -Xlinker -export-dynamic -Wl,-O1 -Wl,-Bsymbolic-functions conftest.c -largp  -lz -lyajl -lcrypto -laio -lpython2.7  -lutil >&5
/usr/bin/ld: cannot find -largp
collect2: error: ld returned 1 exit status
configure:8808: $? = 1
configure: failed program was:
| /* confdefs.h */
| #define PACKAGE_NAME "Xen Hypervisor Tools"
| #define PACKAGE_TARNAME "xen"
| #define PACKAGE_VERSION "4.6"
| #define PACKAGE_STRING "Xen Hypervisor Tools 4.6"
| #define PACKAGE_BUGREPORT "xen-devel@lists.xen.org"
| #define PACKAGE_URL "http://www.xen.org/"
| #define HAVE_BLKTAP2 1
| #define QEMU_XEN_PATH "/usr/local/lib/xen/bin/qemu-system-i386"
| #define STDC_HEADERS 1
| #define HAVE_SYS_TYPES_H 1
| #define HAVE_SYS_STAT_H 1
| #define HAVE_STDLIB_H 1
| #define HAVE_STRING_H 1
| #define HAVE_MEMORY_H 1
| #define HAVE_STRINGS_H 1
| #define HAVE_INTTYPES_H 1
| #define HAVE_STDINT_H 1
| #define HAVE_UNISTD_H 1
| #define HAVE_LIBPYTHON2_7 1
| #define INCLUDE_CURSES_H <ncurses.h>
| #define HAVE_LIBAIO 1
| #define HAVE_LIBCRYPTO 1
| #define HAVE_LIBYAJL 1
| #define HAVE_LIBZ 1
| /* end confdefs.h.  */
| 
| /* Override any GCC internal prototype to avoid an error.
|    Use char because int might match the return type of a GCC
|    builtin and then its argument prototype would still apply.  */
| #ifdef __cplusplus
| extern "C"
| #endif
| char argp_usage ();
| int
| main ()
| {
| return argp_usage ();
|   ;
|   return 0;
| }
configure:8817: result: no
configure:8964: checking yajl/yajl_version.h usability
configure:8964: gcc -c -g -O2    conftest.c >&5
configure:8964: $? = 0
configure:8964: result: yes
configure:8964: checking yajl/yajl_version.h presence
configure:8964: gcc -E    conftest.c
configure:8964: $? = 0
configure:8964: result: yes
configure:8964: checking for yajl/yajl_version.h
configure:8964: result: yes
configure:8964: checking sys/eventfd.h usability
configure:8964: gcc -c -g -O2    conftest.c >&5
configure:8964: $? = 0
configure:8964: result: yes
configure:8964: checking sys/eventfd.h presence
configure:8964: gcc -E    conftest.c
configure:8964: $? = 0
configure:8964: result: yes
configure:8964: checking for sys/eventfd.h
configure:8964: result: yes
configure:8964: checking valgrind/memcheck.h usability
configure:8964: gcc -c -g -O2    conftest.c >&5
conftest.c:62:31: fatal error: valgrind/memcheck.h: No such file or directory
compilation terminated.
configure:8964: $? = 1
configure: failed program was:
| /* confdefs.h */
| #define PACKAGE_NAME "Xen Hypervisor Tools"
| #define PACKAGE_TARNAME "xen"
| #define PACKAGE_VERSION "4.6"
| #define PACKAGE_STRING "Xen Hypervisor Tools 4.6"
| #define PACKAGE_BUGREPORT "xen-devel@lists.xen.org"
| #define PACKAGE_URL "http://www.xen.org/"
| #define HAVE_BLKTAP2 1
| #define QEMU_XEN_PATH "/usr/local/lib/xen/bin/qemu-system-i386"
| #define STDC_HEADERS 1
| #define HAVE_SYS_TYPES_H 1
| #define HAVE_SYS_STAT_H 1
| #define HAVE_STDLIB_H 1
| #define HAVE_STRING_H 1
| #define HAVE_MEMORY_H 1
| #define HAVE_STRINGS_H 1
| #define HAVE_INTTYPES_H 1
| #define HAVE_STDINT_H 1
| #define HAVE_UNISTD_H 1
| #define HAVE_LIBPYTHON2_7 1
| #define INCLUDE_CURSES_H <ncurses.h>
| #define HAVE_LIBAIO 1
| #define HAVE_LIBCRYPTO 1
| #define HAVE_LIBYAJL 1
| #define HAVE_LIBZ 1
| #define HAVE_YAJL_YAJL_VERSION_H 1
| #define HAVE_SYS_EVENTFD_H 1
| /* end confdefs.h.  */
| #include <stdio.h>
| #ifdef HAVE_SYS_TYPES_H
| # include <sys/types.h>
| #endif
| #ifdef HAVE_SYS_STAT_H
| # include <sys/stat.h>
| #endif
| #ifdef STDC_HEADERS
| # include <stdlib.h>
| # include <stddef.h>
| #else
| # ifdef HAVE_STDLIB_H
| #  include <stdlib.h>
| # endif
| #endif
| #ifdef HAVE_STRING_H
| # if !defined STDC_HEADERS && defined HAVE_MEMORY_H
| #  include <memory.h>
| # endif
| # include <string.h>
| #endif
| #ifdef HAVE_STRINGS_H
| # include <strings.h>
| #endif
| #ifdef HAVE_INTTYPES_H
| # include <inttypes.h>
| #endif
| #ifdef HAVE_STDINT_H
| # include <stdint.h>
| #endif
| #ifdef HAVE_UNISTD_H
| # include <unistd.h>
| #endif
| #include <valgrind/memcheck.h>
configure:8964: result: no
configure:8964: checking valgrind/memcheck.h presence
configure:8964: gcc -E    conftest.c
conftest.c:29:31: fatal error: valgrind/memcheck.h: No such file or directory
compilation terminated.
configure:8964: $? = 1
configure: failed program was:
| /* confdefs.h */
| #define PACKAGE_NAME "Xen Hypervisor Tools"
| #define PACKAGE_TARNAME "xen"
| #define PACKAGE_VERSION "4.6"
| #define PACKAGE_STRING "Xen Hypervisor Tools 4.6"
| #define PACKAGE_BUGREPORT "xen-devel@lists.xen.org"
| #define PACKAGE_URL "http://www.xen.org/"
| #define HAVE_BLKTAP2 1
| #define QEMU_XEN_PATH "/usr/local/lib/xen/bin/qemu-system-i386"
| #define STDC_HEADERS 1
| #define HAVE_SYS_TYPES_H 1
| #define HAVE_SYS_STAT_H 1
| #define HAVE_STDLIB_H 1
| #define HAVE_STRING_H 1
| #define HAVE_MEMORY_H 1
| #define HAVE_STRINGS_H 1
| #define HAVE_INTTYPES_H 1
| #define HAVE_STDINT_H 1
| #define HAVE_UNISTD_H 1
| #define HAVE_LIBPYTHON2_7 1
| #define INCLUDE_CURSES_H <ncurses.h>
| #define HAVE_LIBAIO 1
| #define HAVE_LIBCRYPTO 1
| #define HAVE_LIBYAJL 1
| #define HAVE_LIBZ 1
| #define HAVE_YAJL_YAJL_VERSION_H 1
| #define HAVE_SYS_EVENTFD_H 1
| /* end confdefs.h.  */
| #include <valgrind/memcheck.h>
configure:8964: result: no
configure:8964: checking for valgrind/memcheck.h
configure:8964: result: no
configure:8964: checking utmp.h usability
configure:8964: gcc -c -g -O2    conftest.c >&5
configure:8964: $? = 0
configure:8964: result: yes
configure:8964: checking utmp.h presence
configure:8964: gcc -E    conftest.c
configure:8964: $? = 0
configure:8964: result: yes
configure:8964: checking for utmp.h
configure:8964: result: yes
configure:8978: checking for LIBNL3
configure:8985: $PKG_CONFIG --exists --print-errors "libnl-3.0 >= 3.2.8 libnl-route-3.0 >= 3.2.8"
Package libnl-3.0 was not found in the pkg-config search path.
Perhaps you should add the directory containing `libnl-3.0.pc'
to the PKG_CONFIG_PATH environment variable
No package 'libnl-3.0' found
Package libnl-route-3.0 was not found in the pkg-config search path.
Perhaps you should add the directory containing `libnl-route-3.0.pc'
to the PKG_CONFIG_PATH environment variable
No package 'libnl-route-3.0' found
configure:8988: $? = 1
configure:9002: $PKG_CONFIG --exists --print-errors "libnl-3.0 >= 3.2.8 libnl-route-3.0 >= 3.2.8"
Package libnl-3.0 was not found in the pkg-config search path.
Perhaps you should add the directory containing `libnl-3.0.pc'
to the PKG_CONFIG_PATH environment variable
No package 'libnl-3.0' found
Package libnl-route-3.0 was not found in the pkg-config search path.
Perhaps you should add the directory containing `libnl-route-3.0.pc'
to the PKG_CONFIG_PATH environment variable
No package 'libnl-route-3.0' found
configure:9005: $? = 1
configure:9019: result: no
No package 'libnl-3.0' found
No package 'libnl-route-3.0' found
configure:9052: WARNING: Disabling support for Remus network buffering.
    Please install libnl3 libraries, command line tools and devel
    headers - version 3.2.8 or higher
configure:9121: checking for SYSTEMD
configure:9128: $PKG_CONFIG --exists --print-errors "libsystemd-daemon"
Package libsystemd-daemon was not found in the pkg-config search path.
Perhaps you should add the directory containing `libsystemd-daemon.pc'
to the PKG_CONFIG_PATH environment variable
No package 'libsystemd-daemon' found
configure:9131: $? = 1
configure:9145: $PKG_CONFIG --exists --print-errors "libsystemd-daemon"
Package libsystemd-daemon was not found in the pkg-config search path.
Perhaps you should add the directory containing `libsystemd-daemon.pc'
to the PKG_CONFIG_PATH environment variable
No package 'libsystemd-daemon' found
configure:9148: $? = 1
configure:9162: result: no
No package 'libsystemd-daemon' found
configure:9457: creating ./config.status

## ---------------------- ##
## Running config.status. ##
## ---------------------- ##

This file was extended by Xen Hypervisor Tools config.status 4.6, which was
generated by GNU Autoconf 2.69.  Invocation command line was

  CONFIG_FILES    = 
  CONFIG_HEADERS  = 
  CONFIG_LINKS    = 
  CONFIG_COMMANDS = 
  $ ./config.status 

on islab-ThinkPad-E550

config.status:947: creating ../config/Tools.mk
config.status:947: creating hotplug/FreeBSD/rc.d/xencommons
config.status:947: creating hotplug/FreeBSD/rc.d/xendriverdomain
config.status:947: creating hotplug/Linux/init.d/sysconfig.xencommons
config.status:947: creating hotplug/Linux/init.d/xen-watchdog
config.status:947: creating hotplug/Linux/init.d/xencommons
config.status:947: creating hotplug/Linux/init.d/xendomains
config.status:947: creating hotplug/Linux/init.d/xendriverdomain
config.status:947: creating hotplug/Linux/vif-setup
config.status:947: creating hotplug/Linux/xen-hotplug-common.sh
config.status:947: creating hotplug/Linux/xendomains
config.status:947: creating hotplug/NetBSD/rc.d/xencommons
config.status:947: creating hotplug/NetBSD/rc.d/xendriverdomain
config.status:947: creating libxl/xenlight.pc.in
config.status:947: creating libxl/xlutil.pc.in
config.status:947: creating config.h
config.status:1122: config.h is unchanged

## ---------------- ##
## Cache variables. ##
## ---------------- ##

ac_cv_build=x86_64-unknown-linux-gnu
ac_cv_c_compiler_gnu=yes
ac_cv_env_APPEND_INCLUDES_set=
ac_cv_env_APPEND_INCLUDES_value=
ac_cv_env_APPEND_LIB_set=
ac_cv_env_APPEND_LIB_value=
ac_cv_env_AS86_set=
ac_cv_env_AS86_value=
ac_cv_env_AWK_set=
ac_cv_env_AWK_value=
ac_cv_env_BASH_set=set
ac_cv_env_BASH_value=/bin/bash
ac_cv_env_BCC_set=
ac_cv_env_BCC_value=
ac_cv_env_BISON_set=
ac_cv_env_BISON_value=
ac_cv_env_CC_set=
ac_cv_env_CC_value=
ac_cv_env_CFLAGS_set=
ac_cv_env_CFLAGS_value=
ac_cv_env_CPPFLAGS_set=
ac_cv_env_CPPFLAGS_value=
ac_cv_env_CPP_set=
ac_cv_env_CPP_value=
ac_cv_env_CURL_set=
ac_cv_env_CURL_value=
ac_cv_env_FLEX_set=
ac_cv_env_FLEX_value=
ac_cv_env_IASL_set=
ac_cv_env_IASL_value=
ac_cv_env_LD86_set=
ac_cv_env_LD86_value=
ac_cv_env_LDFLAGS_set=
ac_cv_env_LDFLAGS_value=
ac_cv_env_LIBNL3_CFLAGS_set=
ac_cv_env_LIBNL3_CFLAGS_value=
ac_cv_env_LIBNL3_LIBS_set=
ac_cv_env_LIBNL3_LIBS_value=
ac_cv_env_LIBS_set=
ac_cv_env_LIBS_value=
ac_cv_env_PERL_set=
ac_cv_env_PERL_value=
ac_cv_env_PKG_CONFIG_LIBDIR_set=
ac_cv_env_PKG_CONFIG_LIBDIR_value=
ac_cv_env_PKG_CONFIG_PATH_set=
ac_cv_env_PKG_CONFIG_PATH_value=
ac_cv_env_PKG_CONFIG_set=
ac_cv_env_PKG_CONFIG_value=
ac_cv_env_PREPEND_INCLUDES_set=
ac_cv_env_PREPEND_INCLUDES_value=
ac_cv_env_PREPEND_LIB_set=
ac_cv_env_PREPEND_LIB_value=
ac_cv_env_PYTHON_set=
ac_cv_env_PYTHON_value=
ac_cv_env_SYSTEMD_CFLAGS_set=
ac_cv_env_SYSTEMD_CFLAGS_value=
ac_cv_env_SYSTEMD_LIBS_set=
ac_cv_env_SYSTEMD_LIBS_value=
ac_cv_env_XGETTEXT_set=
ac_cv_env_XGETTEXT_value=
ac_cv_env_XML_set=
ac_cv_env_XML_value=
ac_cv_env_build_alias_set=
ac_cv_env_build_alias_value=
ac_cv_env_glib_CFLAGS_set=
ac_cv_env_glib_CFLAGS_value=
ac_cv_env_glib_LIBS_set=
ac_cv_env_glib_LIBS_value=
ac_cv_env_host_alias_set=
ac_cv_env_host_alias_value=
ac_cv_env_pixman_CFLAGS_set=
ac_cv_env_pixman_CFLAGS_value=
ac_cv_env_pixman_LIBS_set=
ac_cv_env_pixman_LIBS_value=
ac_cv_env_target_alias_set=
ac_cv_env_target_alias_value=
ac_cv_header_Python_h=yes
ac_cv_header_argp_h=yes
ac_cv_header_bzlib_h=yes
ac_cv_header_curses_h=yes
ac_cv_header_ext2fs_ext2fs_h=no
ac_cv_header_ext4fs_ext2fs_h=no
ac_cv_header_inttypes_h=yes
ac_cv_header_libutil_h=no
ac_cv_header_lzma_h=yes
ac_cv_header_lzo_lzo1x_h=no
ac_cv_header_memory_h=yes
ac_cv_header_ncurses_h=yes
ac_cv_header_stdc=yes
ac_cv_header_stdint_h=yes
ac_cv_header_stdlib_h=yes
ac_cv_header_string_h=yes
ac_cv_header_strings_h=yes
ac_cv_header_sys_eventfd_h=yes
ac_cv_header_sys_stat_h=yes
ac_cv_header_sys_types_h=yes
ac_cv_header_unistd_h=yes
ac_cv_header_utmp_h=yes
ac_cv_header_uuid_h=no
ac_cv_header_uuid_uuid_h=yes
ac_cv_header_valgrind_memcheck_h=no
ac_cv_header_yajl_yajl_version_h=yes
ac_cv_host=x86_64-unknown-linux-gnu
ac_cv_lib_aio_io_setup=yes
ac_cv_lib_argp_argp_usage=no
ac_cv_lib_bz2_BZ2_bzDecompressInit=yes
ac_cv_lib_crypto_MD5=yes
ac_cv_lib_curses_clear=yes
ac_cv_lib_gcrypt_gcry_md_hash_buffer=no
ac_cv_lib_iconv_libiconv_open=no
ac_cv_lib_lzma_lzma_stream_decoder=yes
ac_cv_lib_ncurses_clear=yes
ac_cv_lib_python2_7___PyArg_ParseTuple=yes
ac_cv_lib_tinfo_define_key=yes
ac_cv_lib_uuid_uuid_clear=yes
ac_cv_lib_yajl_yajl_alloc=yes
ac_cv_lib_z_deflateCopy=yes
ac_cv_objext=o
ac_cv_path_AS86=/usr/bin/as86
ac_cv_path_AWK=/usr/bin/awk
ac_cv_path_BASH=/bin/bash
ac_cv_path_BCC=/usr/bin/bcc
ac_cv_path_BISON=/usr/bin/bison
ac_cv_path_EGREP='/bin/grep -E'
ac_cv_path_FLEX=/usr/bin/flex
ac_cv_path_GREP=/bin/grep
ac_cv_path_IASL=/usr/bin/iasl
ac_cv_path_LD86=/usr/bin/ld86
ac_cv_path_PERL=/usr/bin/perl
ac_cv_path_PYTHONPATH=/usr/bin/python
ac_cv_path_WGET=/usr/bin/wget
ac_cv_path_XGETTEXT=/usr/bin/xgettext
ac_cv_path_ac_pt_PKG_CONFIG=/usr/bin/pkg-config
ac_cv_path_install='/usr/bin/install -c'
ac_cv_path_pyconfig=/usr/bin/python-config
ac_cv_prog_AWK=/usr/bin/awk
ac_cv_prog_CPP='gcc -E'
ac_cv_prog_ac_ct_CC=gcc
ac_cv_prog_cc_c89=
ac_cv_prog_cc_g=yes
ac_cv_prog_make_make_set=yes
ac_cv_sys_file_offset_bits=no
ac_cv_sys_largefile_CC=no
ax_cv_githttp=n
ax_cv_monitors=y
ax_cv_ocamltools=y
ax_cv_ovmf=n
ax_cv_pthread_flags=-pthread
ax_cv_ptyfuncs_libs=-lutil
ax_cv_python_fortify=yes
ax_cv_rpath=n
ax_cv_seabios=y
ax_cv_systemd=n
ax_cv_xsmpolicy=y
pkg_cv_glib_CFLAGS='-I/usr/include/glib-2.0 -I/usr/lib/x86_64-linux-gnu/glib-2.0/include'
pkg_cv_glib_LIBS=-lglib-2.0
pkg_cv_pixman_CFLAGS=-I/usr/include/pixman-1
pkg_cv_pixman_LIBS=-lpixman-1

## ----------------- ##
## Output variables. ##
## ----------------- ##

APPEND_INCLUDES=''
APPEND_LIB=''
AS86='/usr/bin/as86'
AWK='/usr/bin/awk'
BASH='/bin/bash'
BCC='/usr/bin/bcc'
BISON='/usr/bin/bison'
CC='gcc'
CFLAGS='-g -O2'
CHECKPOLICY='no'
CONFIG_DIR='/etc'
CONFIG_LEAF_DIR='default'
CONFIG_RUMP='n'
CPP='gcc -E'
CPPFLAGS='  '
CURL=''
CURSES_LIBS='-lncurses'
DEFS='-DHAVE_CONFIG_H'
ECHO_C=''
ECHO_N='-n'
ECHO_T=''
EGREP='/bin/grep -E'
EXEEXT=''
EXTFS_LIBS=''
EXTRA_QEMUU_CONFIGURE_ARGS='--disable-werror'
FETCHER='/usr/bin/wget -c -O'
FILE_OFFSET_BITS=''
FLEX='/usr/bin/flex'
FTP=''
GREP='/bin/grep'
IASL='/usr/bin/iasl'
INITD_DIR='/etc/init.d'
INSTALL_DATA='${INSTALL} -m 644'
INSTALL_PROGRAM='${INSTALL}'
INSTALL_SCRIPT='${INSTALL}'
LD86='/usr/bin/ld86'
LDFLAGS='   -L/usr/lib/python2.7/config-x86_64-linux-gnu -L/usr/lib -lpython2.7 -lpthread -ldl  -lutil -lm  -Xlinker -export-dynamic -Wl,-O1 -Wl,-Bsymbolic-functions'
LIBEXEC_BIN='/usr/local/lib/xen/bin'
LIBNL3_CFLAGS=''
LIBNL3_LIBS=''
LIBOBJS=''
LIBS='-lz -lyajl -lcrypto -laio -lpython2.7  -lutil'
LINUX_BACKEND_MODULES='xen-evtchn xen-gntdev xen-gntalloc xen-blkback xen-netback xen-pciback evtchn gntdev netbk blkbk xen-scsibk usbbk pciback xen-acpi-processor blktap2'
LTLIBOBJS=''
OBJEXT='o'
OCAML='no'
OCAMLBEST=''
OCAMLBUILD='no'
OCAMLC='no'
OCAMLCDOTOPT=''
OCAMLDEP='no'
OCAMLDOC='no'
OCAMLFIND='no'
OCAMLLIB=''
OCAMLMKLIB='no'
OCAMLMKTOP='no'
OCAMLOPT=''
OCAMLOPTDOTOPT=''
OCAMLVERSION=''
PACKAGE_BUGREPORT='xen-devel@lists.xen.org'
PACKAGE_NAME='Xen Hypervisor Tools'
PACKAGE_STRING='Xen Hypervisor Tools 4.6'
PACKAGE_TARNAME='xen'
PACKAGE_URL='http://www.xen.org/'
PACKAGE_VERSION='4.6'
PATH_SEPARATOR=':'
PERL='/usr/bin/perl'
PKG_CONFIG='/usr/bin/pkg-config'
PKG_CONFIG_LIBDIR=''
PKG_CONFIG_PATH=''
PREPEND_INCLUDES=''
PREPEND_LIB=''
PTHREAD_CFLAGS='-pthread'
PTHREAD_LDFLAGS='-pthread'
PTHREAD_LIBS=''
PTYFUNCS_LIBS='-lutil'
PYTHON='python'
PYTHONPATH='/usr/bin/python'
PY_NOOPT_CFLAGS='-O1'
SET_MAKE=''
SHAREDIR='/usr/local/share'
SHELL='/bin/bash'
SYSTEMD_CFLAGS=''
SYSTEMD_DIR=''
SYSTEMD_LIBS=''
SYSTEMD_MODULES_LOAD=''
TINFO_LIBS='-ltinfo'
WGET='/usr/bin/wget'
XENFIRMWAREDIR='/usr/local/lib/xen/boot'
XENSTORED='/usr/local/sbin/xenstored'
XEN_CONFIG_DIR='/etc/xen'
XEN_DUMP_DIR='/var/lib/xen/dump'
XEN_LIB_STORED='/var/lib/xenstored'
XEN_LOCK_DIR='/var/lock'
XEN_LOG_DIR='/var/log/xen'
XEN_PAGING_DIR='/var/lib/xen/xenpaging'
XEN_RUN_DIR='/var/run/xen'
XEN_SCRIPT_DIR='/etc/xen/scripts'
XGETTEXT='/usr/bin/xgettext'
XML=''
ac_ct_CC='gcc'
argp_ldflags=''
bindir='/usr/local/bin'
blktap2='y'
build='x86_64-unknown-linux-gnu'
build_alias=''
build_cpu='x86_64'
build_os='linux-gnu'
build_vendor='unknown'
datadir='${datarootdir}'
datarootdir='${prefix}/share'
docdir='${datarootdir}/doc/${PACKAGE_TARNAME}'
dvidir='${docdir}'
exec_prefix='/usr/local'
githttp='n'
glib_CFLAGS='-I/usr/include/glib-2.0 -I/usr/lib/x86_64-linux-gnu/glib-2.0/include'
glib_LIBS='-lglib-2.0'
host='x86_64-unknown-linux-gnu'
host_alias=''
host_cpu='x86_64'
host_os='linux-gnu'
host_vendor='unknown'
htmldir='${docdir}'
includedir='${prefix}/include'
infodir='${datarootdir}/info'
libdir='/usr/local/lib'
libexecdir='/usr/local/lib'
libgcrypt='n'
libiconv='n'
localedir='${datarootdir}/locale'
localstatedir='/var'
mandir='${datarootdir}/man'
monitors='y'
ocamltools='n'
oldincludedir='/usr/include'
ovmf='n'
ovmf_path=''
pdfdir='${docdir}'
pixman_CFLAGS='-I/usr/include/pixman-1'
pixman_LIBS='-lpixman-1'
prefix='/usr/local'
program_transform_name='s,x,x,'
psdir='${docdir}'
pyconfig='/usr/bin/python-config'
qemu_traditional='n'
qemu_xen='y'
qemu_xen_path='/usr/local/lib/xen/bin/qemu-system-i386'
qemu_xen_systemd='/usr/local/lib/xen/bin/qemu-system-i386'
remus_netbuf='n'
rombios='n'
rpath='n'
sbindir='/usr/local/sbin'
seabios='y'
seabios_path='/usr/share/seabios/bios-256k.bin'
sharedstatedir='${prefix}/com'
sysconfdir='/etc'
system_aio=''
systemd='n'
target_alias=''
xsmpolicy='n'
zlib=' -DHAVE_BZLIB -lbz2 -DHAVE_LZMA -llzma'

## ----------- ##
## confdefs.h. ##
## ----------- ##

/* confdefs.h */
#define PACKAGE_NAME "Xen Hypervisor Tools"
#define PACKAGE_TARNAME "xen"
#define PACKAGE_VERSION "4.6"
#define PACKAGE_STRING "Xen Hypervisor Tools 4.6"
#define PACKAGE_BUGREPORT "xen-devel@lists.xen.org"
#define PACKAGE_URL "http://www.xen.org/"
#define HAVE_BLKTAP2 1
#define QEMU_XEN_PATH "/usr/local/lib/xen/bin/qemu-system-i386"
#define STDC_HEADERS 1
#define HAVE_SYS_TYPES_H 1
#define HAVE_SYS_STAT_H 1
#define HAVE_STDLIB_H 1
#define HAVE_STRING_H 1
#define HAVE_MEMORY_H 1
#define HAVE_STRINGS_H 1
#define HAVE_INTTYPES_H 1
#define HAVE_STDINT_H 1
#define HAVE_UNISTD_H 1
#define HAVE_LIBPYTHON2_7 1
#define INCLUDE_CURSES_H <ncurses.h>
#define HAVE_LIBAIO 1
#define HAVE_LIBCRYPTO 1
#define HAVE_LIBYAJL 1
#define HAVE_LIBZ 1
#define HAVE_YAJL_YAJL_VERSION_H 1
#define HAVE_SYS_EVENTFD_H 1
#define HAVE_UTMP_H 1

configure: exit 0
