This file contains any messages produced by compilers while
running configure, to aid debugging if configure makes a mistake.

It was created by Xen Hypervisor configure 4.6, which was
generated by GNU Autoconf 2.69.  Invocation command line was

  $ ./configure --disable-blktap1 --disable-qemu-traditional --with-extra-qemuu-configure-args=--disable-werror --disable-rombios --with-system-seabios=/usr/share/seabios/bios-256k.bin --with-extra-qemu-configure-args=--enable-spice --enable-usb-redir

## --------- ##
## Platform. ##
## --------- ##

hostname = islab-ThinkPad-E550
uname -m = x86_64
uname -r = 4.4.0-65-generic
uname -s = Linux
uname -v = #86-Ubuntu SMP Thu Feb 23 17:49:58 UTC 2017

/usr/bin/uname -p = unknown
/bin/uname -X     = unknown

/bin/arch              = unknown
/usr/bin/arch -k       = unknown
/usr/convex/getsysinfo = unknown
/usr/bin/hostinfo      = unknown
/bin/machine           = unknown
/usr/bin/oslevel       = unknown
/bin/universe          = unknown

PATH: /usr/local/sbin
PATH: /usr/local/bin
PATH: /usr/sbin
PATH: /usr/bin
PATH: /sbin
PATH: /bin
PATH: /snap/bin


## ----------- ##
## Core tests. ##
## ----------- ##

configure:1771: checking build system type
configure:1785: result: x86_64-unknown-linux-gnu
configure:1805: checking host system type
configure:1818: result: x86_64-unknown-linux-gnu
configure:2358: creating ./config.status

## ---------------------- ##
## Running config.status. ##
## ---------------------- ##

This file was extended by Xen Hypervisor config.status 4.6, which was
generated by GNU Autoconf 2.69.  Invocation command line was

  CONFIG_FILES    = 
  CONFIG_HEADERS  = 
  CONFIG_LINKS    = 
  CONFIG_COMMANDS = 
  $ ./config.status 

on islab-ThinkPad-E550

config.status:742: creating config/Toplevel.mk
config.status:742: creating config/Paths.mk
configure:3431: === configuring in tools (/home/islab/Documents/xen-4.6.0/tools)
configure:3494: running /bin/bash ./configure --disable-option-checking '--prefix=/usr/local'  '--disable-blktap1' '--disable-qemu-traditional' '--with-extra-qemuu-configure-args=--disable-werror' '--disable-rombios' '--with-system-seabios=/usr/share/seabios/bios-256k.bin' '--with-extra-qemu-configure-args=--enable-spice --enable-usb-redir' --cache-file=/dev/null --srcdir=.
configure:3431: === configuring in stubdom (/home/islab/Documents/xen-4.6.0/stubdom)
configure:3494: running /bin/bash ./configure --disable-option-checking '--prefix=/usr/local'  '--disable-blktap1' '--disable-qemu-traditional' '--with-extra-qemuu-configure-args=--disable-werror' '--disable-rombios' '--with-system-seabios=/usr/share/seabios/bios-256k.bin' '--with-extra-qemu-configure-args=--enable-spice --enable-usb-redir' --cache-file=/dev/null --srcdir=.
configure:3431: === configuring in docs (/home/islab/Documents/xen-4.6.0/docs)
configure:3494: running /bin/bash ./configure --disable-option-checking '--prefix=/usr/local'  '--disable-blktap1' '--disable-qemu-traditional' '--with-extra-qemuu-configure-args=--disable-werror' '--disable-rombios' '--with-system-seabios=/usr/share/seabios/bios-256k.bin' '--with-extra-qemu-configure-args=--enable-spice --enable-usb-redir' --cache-file=/dev/null --srcdir=.

## ---------------- ##
## Cache variables. ##
## ---------------- ##

ac_cv_build=x86_64-unknown-linux-gnu
ac_cv_env_build_alias_set=
ac_cv_env_build_alias_value=
ac_cv_env_host_alias_set=
ac_cv_env_host_alias_value=
ac_cv_env_target_alias_set=
ac_cv_env_target_alias_value=
ac_cv_host=x86_64-unknown-linux-gnu

## ----------------- ##
## Output variables. ##
## ----------------- ##

CONFIG_DIR='/etc'
CONFIG_LEAF_DIR='default'
DEFS='-DPACKAGE_NAME=\"Xen\ Hypervisor\" -DPACKAGE_TARNAME=\"xen\" -DPACKAGE_VERSION=\"4.6\" -DPACKAGE_STRING=\"Xen\ Hypervisor\ 4.6\" -DPACKAGE_BUGREPORT=\"xen-devel@lists.xen.org\" -DPACKAGE_URL=\"http://www.xen.org/\"'
ECHO_C=''
ECHO_N='-n'
ECHO_T=''
INITD_DIR='/etc/init.d'
LIBEXEC_BIN='/usr/local/lib/xen/bin'
LIBOBJS=''
LIBS=''
LTLIBOBJS=''
PACKAGE_BUGREPORT='xen-devel@lists.xen.org'
PACKAGE_NAME='Xen Hypervisor'
PACKAGE_STRING='Xen Hypervisor 4.6'
PACKAGE_TARNAME='xen'
PACKAGE_URL='http://www.xen.org/'
PACKAGE_VERSION='4.6'
PATH_SEPARATOR=':'
SHAREDIR='/usr/local/share'
SHELL='/bin/bash'
SUBSYSTEMS=' xen tools stubdom docs'
XENFIRMWAREDIR='/usr/local/lib/xen/boot'
XEN_CONFIG_DIR='/etc/xen'
XEN_DUMP_DIR='/var/lib/xen/dump'
XEN_LIB_STORED='/var/lib/xenstored'
XEN_LOCK_DIR='/var/lock'
XEN_LOG_DIR='/var/log/xen'
XEN_PAGING_DIR='/var/lib/xen/xenpaging'
XEN_RUN_DIR='/var/run/xen'
XEN_SCRIPT_DIR='/etc/xen/scripts'
bindir='/usr/local/bin'
build='x86_64-unknown-linux-gnu'
build_alias=''
build_cpu='x86_64'
build_os='linux-gnu'
build_vendor='unknown'
datadir='${datarootdir}'
datarootdir='${prefix}/share'
docdir='${datarootdir}/doc/${PACKAGE_TARNAME}'
docs='y'
dvidir='${docdir}'
exec_prefix='/usr/local'
host='x86_64-unknown-linux-gnu'
host_alias=''
host_cpu='x86_64'
host_os='linux-gnu'
host_vendor='unknown'
htmldir='${docdir}'
includedir='${prefix}/include'
infodir='${datarootdir}/info'
libdir='/usr/local/lib'
libexecdir='/usr/local/lib'
localedir='${datarootdir}/locale'
localstatedir='/var'
mandir='${datarootdir}/man'
oldincludedir='/usr/include'
pdfdir='${docdir}'
prefix='/usr/local'
program_transform_name='s,x,x,'
psdir='${docdir}'
sbindir='/usr/local/sbin'
sharedstatedir='${prefix}/com'
stubdom='y'
subdirs=' tools stubdom docs'
sysconfdir='/etc'
target_alias=''
tools='y'
xen='y'

## ----------- ##
## confdefs.h. ##
## ----------- ##

/* confdefs.h */
#define PACKAGE_NAME "Xen Hypervisor"
#define PACKAGE_TARNAME "xen"
#define PACKAGE_VERSION "4.6"
#define PACKAGE_STRING "Xen Hypervisor 4.6"
#define PACKAGE_BUGREPORT "xen-devel@lists.xen.org"
#define PACKAGE_URL "http://www.xen.org/"

configure: exit 0
